<?xml version="1.0" encoding="UTF-8"?>
<!-- Generated by org.testng.reporters.JUnitXMLReporter -->
<testsuite ignored="0" hostname="LAPTOP-8434QNBV" failures="0" tests="5" name="Default test" time="20.719" errors="0" timestamp="2025-05-13T20:15:18 IST">
  <testcase classname="api.testcases.PetTest" name="TestPostNewPet" time="4.238"/>
  <testcase classname="api.testcases.PetTest" name="TestUploadPetImage" time="12.086"/>
  <testcase classname="api.testcases.PetTest" name="TestPutPet" time="1.118"/>
  <testcase classname="api.testcases.PetTest" name="TestGetPetByid" time="1.417"/>
  <testcase classname="api.testcases.PetTest" name="TestGetPetByStatus" time="1.533"/>
</testsuite> <!-- Default test -->
