<?xml version="1.0" encoding="UTF-8"?>
<testng-results ignored="0" total="5" passed="5" failed="0" skipped="0">
  <reporter-output>
  </reporter-output>
  <suite started-at="2025-05-13T20:14:57 IST" name="Default suite" finished-at="2025-05-13T20:15:18 IST" duration-ms="20719">
    <groups>
    </groups>
    <test started-at="2025-05-13T20:14:57 IST" name="Default test" finished-at="2025-05-13T20:15:18 IST" duration-ms="20719">
      <class name="api.testcases.PetTest">
        <test-method is-config="true" signature="Generatefakedata()[pri:0, instance:api.testcases.PetTest@692f203f]" started-at="2025-05-13T20:14:57 IST" name="Generatefakedata" finished-at="2025-05-13T20:14:57 IST" duration-ms="245" status="PASS">
          <reporter-output>
          </reporter-output>
        </test-method> <!-- Generatefakedata -->
        <test-method signature="TestPostNewPet()[pri:1, instance:api.testcases.PetTest@692f203f]" started-at="2025-05-13T20:14:57 IST" name="TestPostNewPet" finished-at="2025-05-13T20:15:01 IST" duration-ms="4238" status="PASS">
          <reporter-output>
          </reporter-output>
        </test-method> <!-- TestPostNewPet -->
        <test-method signature="TestUploadPetImage()[pri:2, instance:api.testcases.PetTest@692f203f]" started-at="2025-05-13T20:15:01 IST" name="TestUploadPetImage" finished-at="2025-05-13T20:15:14 IST" duration-ms="12086" status="PASS">
          <reporter-output>
          </reporter-output>
        </test-method> <!-- TestUploadPetImage -->
        <test-method signature="TestPutPet()[pri:3, instance:api.testcases.PetTest@692f203f]" started-at="2025-05-13T20:15:14 IST" name="TestPutPet" finished-at="2025-05-13T20:15:15 IST" duration-ms="1118" status="PASS">
          <reporter-output>
          </reporter-output>
        </test-method> <!-- TestPutPet -->
        <test-method signature="TestGetPetByid()[pri:4, instance:api.testcases.PetTest@692f203f]" started-at="2025-05-13T20:15:15 IST" name="TestGetPetByid" finished-at="2025-05-13T20:15:16 IST" duration-ms="1417" status="PASS">
          <reporter-output>
          </reporter-output>
        </test-method> <!-- TestGetPetByid -->
        <test-method signature="TestGetPetByStatus()[pri:5, instance:api.testcases.PetTest@692f203f]" started-at="2025-05-13T20:15:16 IST" name="TestGetPetByStatus" finished-at="2025-05-13T20:15:18 IST" duration-ms="1533" status="PASS">
          <reporter-output>
          </reporter-output>
        </test-method> <!-- TestGetPetByStatus -->
      </class> <!-- api.testcases.PetTest -->
    </test> <!-- Default test -->
  </suite> <!-- Default suite -->
</testng-results>
